Mplus VERSION 8 (Mac)
MUTHEN & MUTHEN
08/12/2019   1:39 PM

INPUT INSTRUCTIONS

  title:
   bivariate growth model autonomic space

  data:
  FILE = all.long0.csv;

  variable:
  names are
  ID	study	task	RSA	PEP
  RSAz	PEPz	RSAb	PEPb	gender	feedback
  ps2	psc	rt2	rt3	
  baseline	math	prep	qa	recover speech	
  female	negative	positive rsabc pepbc;


  USEVARIABLES = rsaz pepz
  rsabc pepbc
  female
  math prep qa recover speech
  psc ps2 positive;
  within = rsaz pepz;
  between = (task) math prep qa recover speech
  (id) female
  rsabc pepbc
  psc ps2 positive;

  CLUSTER = id task;

  missing = .;
  	
  ANALYSIS:
  	coverage = 0;
  	!model = nocovariances;
  	TYPE = THREELEVEL RANDOM;
  	ESTIMATOR = ML;

  MODEL:

  %WITHIN%

  S|rsaz on pepz;

  [rsaz@0 pepz@0];

  %BETWEEN TASK%

  S on math prep qa recover speech;

  %BETWEEN ID%

  S; [S];

  s on female pepbc ps2 psc positive;

  s on rsabc (b);

  rsabc on female (a);

  pepbc on female;

  MODEL CONSTRAINT:

  NEW(ind);

  ind=a*b;



  OUTPUT: SAMPSTAT STANDARDIZED CINTERVAL;



*** WARNING in MODEL command
  Variable on the left-hand side of an ON statement in a | statement is a
  WITHIN variable.  The intercept for this variable is not random.
  Variable:  RSAZ
*** WARNING
  Clusters for TASK with the same IDs have been found in different clusters
  for ID.  These clusters are assumed to be different because clusters for
  TASK are not allowed to appear in more than one cluster for ID.
*** WARNING in OUTPUT command
  STANDARDIZED (STD, STDY, STDYX) options are available only for TYPE=TWOLEVEL RANDOM
  with ESTIMATOR=BAYES.  Request for STANDARDIZED (STD, STDY, STDYX) is ignored.
*** WARNING
  Data set contains cases with missing on x-variables.
  These cases were not included in the analysis.
  Number of cases with missing on x-variables:  1617
   4 WARNING(S) FOUND IN THE INPUT INSTRUCTIONS




bivariate growth model autonomic space

SUMMARY OF ANALYSIS

Number of groups                                                 1
Number of observations                                        5836

Number of dependent variables                                    3
Number of independent variables                                 10
Number of continuous latent variables                            1

Observed dependent variables

  Continuous
   RSAZ        RSABC       PEPBC

Observed independent variables
   PEPZ        FEMALE      MATH        PREP        QA          RECOVER
   SPEECH      PSC         PS2         POSITIVE

Continuous latent variables
   S

Variables with special functions

  Cluster variables     ID        TASK

  Within variables
   RSAZ        PEPZ

  Level 2 between variables
   MATH        PREP        QA          RECOVER     SPEECH

  Level 3 between variables
   FEMALE
   RSABC       PEPBC       PSC         PS2         POSITIVE


Estimator                                                       ML
Information matrix                                        OBSERVED
Maximum number of iterations                                   100
Convergence criterion                                    0.100D-05
Maximum number of EM iterations                                500
Convergence criteria for the EM algorithm
  Loglikelihood change                                   0.100D-02
  Relative loglikelihood change                          0.100D-05
  Derivative                                             0.100D-03
Minimum variance                                         0.100D-03
Maximum number of steepest descent iterations                   20
Maximum number of iterations for H1                           2000
Convergence criterion for H1                             0.100D-02
Optimization algorithm                                         EMA

Input data file(s)
  all.long0.csv
Input data format  FREE


SUMMARY OF DATA

     Number of missing data patterns             1
     Number of TASK clusters             1248
     Number of ID clusters                258

     Average cluster size for TASK level        4.676

     Estimated Intraclass Correlations for the Y Variables for TASK level

                Intraclass
     Variable  Correlation


     Average cluster size for ID level       22.620

     Estimated Intraclass Correlations for the Y Variables for ID level

                Intraclass
     Variable  Correlation



COVARIANCE COVERAGE OF DATA

Minimum covariance coverage value   0.000


     PROPORTION OF DATA PRESENT


           Covariance Coverage
              RSAZ          RSABC         PEPBC         PEPZ          FEMALE
              ________      ________      ________      ________      ________
 RSAZ           1.000
 RSABC          1.000         1.000
 PEPBC          1.000         1.000         1.000
 PEPZ           1.000         1.000         1.000         1.000
 FEMALE         1.000         1.000         1.000         1.000         1.000
 MATH           1.000         1.000         1.000         1.000         1.000
 PREP           1.000         1.000         1.000         1.000         1.000
 QA             1.000         1.000         1.000         1.000         1.000
 RECOVER        1.000         1.000         1.000         1.000         1.000
 SPEECH         1.000         1.000         1.000         1.000         1.000
 PSC            1.000         1.000         1.000         1.000         1.000
 PS2            1.000         1.000         1.000         1.000         1.000
 POSITIVE       1.000         1.000         1.000         1.000         1.000


           Covariance Coverage
              MATH          PREP          QA            RECOVER       SPEECH
              ________      ________      ________      ________      ________
 MATH           1.000
 PREP           1.000         1.000
 QA             1.000         1.000         1.000
 RECOVER        1.000         1.000         1.000         1.000
 SPEECH         1.000         1.000         1.000         1.000         1.000
 PSC            1.000         1.000         1.000         1.000         1.000
 PS2            1.000         1.000         1.000         1.000         1.000
 POSITIVE       1.000         1.000         1.000         1.000         1.000


           Covariance Coverage
              PSC           PS2           POSITIVE
              ________      ________      ________
 PSC            1.000
 PS2            1.000         1.000
 POSITIVE       1.000         1.000         1.000


SAMPLE STATISTICS

NOTE:  The sample statistics for within and between refer to the
       maximum-likelihood estimated within and between covariance
       matrices, respectively.


     ESTIMATED SAMPLE STATISTICS FOR WITHIN


           Means
              RSAZ          RSABC         PEPBC         PEPZ          FEMALE
              ________      ________      ________      ________      ________
                0.000         0.000         0.000         0.014         0.000


           Means
              MATH          PREP          QA            RECOVER       SPEECH
              ________      ________      ________      ________      ________
                0.000         0.000         0.000         0.000         0.000


           Means
              PSC           PS2           POSITIVE
              ________      ________      ________
                0.000         0.000         0.000


           Covariances
              RSAZ          RSABC         PEPBC         PEPZ          FEMALE
              ________      ________      ________      ________      ________
 RSAZ           0.952
 RSABC          0.000         0.000
 PEPBC          0.000         0.000         0.000
 PEPZ           0.137         0.000         0.000         0.945
 FEMALE         0.000         0.000         0.000         0.000         0.000
 MATH           0.000         0.000         0.000         0.000         0.000
 PREP           0.000         0.000         0.000         0.000         0.000
 QA             0.000         0.000         0.000         0.000         0.000
 RECOVER        0.000         0.000         0.000         0.000         0.000
 SPEECH         0.000         0.000         0.000         0.000         0.000
 PSC            0.000         0.000         0.000         0.000         0.000
 PS2            0.000         0.000         0.000         0.000         0.000
 POSITIVE       0.000         0.000         0.000         0.000         0.000


           Covariances
              MATH          PREP          QA            RECOVER       SPEECH
              ________      ________      ________      ________      ________
 MATH           0.000
 PREP           0.000         0.000
 QA             0.000         0.000         0.000
 RECOVER        0.000         0.000         0.000         0.000
 SPEECH         0.000         0.000         0.000         0.000         0.000
 PSC            0.000         0.000         0.000         0.000         0.000
 PS2            0.000         0.000         0.000         0.000         0.000
 POSITIVE       0.000         0.000         0.000         0.000         0.000


           Covariances
              PSC           PS2           POSITIVE
              ________      ________      ________
 PSC            0.000
 PS2            0.000         0.000
 POSITIVE       0.000         0.000         0.000


           Correlations
              RSAZ          RSABC         PEPBC         PEPZ          FEMALE
              ________      ________      ________      ________      ________
 RSAZ           1.000
 RSABC          0.000         0.000
 PEPBC          0.000         0.000         0.000
 PEPZ           0.144         0.000         0.000         1.000
 FEMALE         0.000         0.000         0.000         0.000         0.000
 MATH           0.000         0.000         0.000         0.000         0.000
 PREP           0.000         0.000         0.000         0.000         0.000
 QA             0.000         0.000         0.000         0.000         0.000
 RECOVER        0.000         0.000         0.000         0.000         0.000
 SPEECH         0.000         0.000         0.000         0.000         0.000
 PSC            0.000         0.000         0.000         0.000         0.000
 PS2            0.000         0.000         0.000         0.000         0.000
 POSITIVE       0.000         0.000         0.000         0.000         0.000


           Correlations
              MATH          PREP          QA            RECOVER       SPEECH
              ________      ________      ________      ________      ________
 MATH           0.000
 PREP           0.000         0.000
 QA             0.000         0.000         0.000
 RECOVER        0.000         0.000         0.000         0.000
 SPEECH         0.000         0.000         0.000         0.000         0.000
 PSC            0.000         0.000         0.000         0.000         0.000
 PS2            0.000         0.000         0.000         0.000         0.000
 POSITIVE       0.000         0.000         0.000         0.000         0.000


           Correlations
              PSC           PS2           POSITIVE
              ________      ________      ________
 PSC            0.000
 PS2            0.000         0.000
 POSITIVE       0.000         0.000         0.000


     ESTIMATED SAMPLE STATISTICS FOR BETWEEN TASK


           Means
              RSAZ          RSABC         PEPBC         PEPZ          FEMALE
              ________      ________      ________      ________      ________
                0.000         0.000         0.000         0.000         0.000


           Means
              MATH          PREP          QA            RECOVER       SPEECH
              ________      ________      ________      ________      ________
                0.111         0.200         0.088         0.193         0.200


           Means
              PSC           PS2           POSITIVE
              ________      ________      ________
                0.000         0.000         0.000


           Covariances
              RSAZ          RSABC         PEPBC         PEPZ          FEMALE
              ________      ________      ________      ________      ________
 RSAZ           0.000
 RSABC          0.000         0.000
 PEPBC          0.000         0.000         0.000
 PEPZ           0.000         0.000         0.000         0.000
 FEMALE         0.000         0.000         0.000         0.000         0.000
 MATH           0.000         0.000         0.000         0.000         0.000
 PREP           0.000         0.000         0.000         0.000         0.000
 QA             0.000         0.000         0.000         0.000         0.000
 RECOVER        0.000         0.000         0.000         0.000         0.000
 SPEECH         0.000         0.000         0.000         0.000         0.000
 PSC            0.000         0.000         0.000         0.000         0.000
 PS2            0.000         0.000         0.000         0.000         0.000
 POSITIVE       0.000         0.000         0.000         0.000         0.000


           Covariances
              MATH          PREP          QA            RECOVER       SPEECH
              ________      ________      ________      ________      ________
 MATH           0.099
 PREP          -0.022         0.160
 QA            -0.010        -0.018         0.080
 RECOVER       -0.022        -0.039        -0.017         0.156
 SPEECH        -0.022        -0.040        -0.018        -0.039         0.160
 PSC            0.000         0.000         0.000         0.000         0.000
 PS2            0.000         0.000         0.000         0.000         0.000
 POSITIVE       0.000         0.000         0.000         0.000         0.000


           Covariances
              PSC           PS2           POSITIVE
              ________      ________      ________
 PSC            0.000
 PS2            0.000         0.000
 POSITIVE       0.000         0.000         0.000


           Correlations
              RSAZ          RSABC         PEPBC         PEPZ          FEMALE
              ________      ________      ________      ________      ________
 RSAZ           0.000
 RSABC          0.000         0.000
 PEPBC          0.000         0.000         0.000
 PEPZ           0.000         0.000         0.000         0.000
 FEMALE         0.000         0.000         0.000         0.000         0.000
 MATH           0.000         0.000         0.000         0.000         0.000
 PREP           0.000         0.000         0.000         0.000         0.000
 QA             0.000         0.000         0.000         0.000         0.000
 RECOVER        0.000         0.000         0.000         0.000         0.000
 SPEECH         0.000         0.000         0.000         0.000         0.000
 PSC            0.000         0.000         0.000         0.000         0.000
 PS2            0.000         0.000         0.000         0.000         0.000
 POSITIVE       0.000         0.000         0.000         0.000         0.000


           Correlations
              MATH          PREP          QA            RECOVER       SPEECH
              ________      ________      ________      ________      ________
 MATH           1.000
 PREP          -0.177         1.000
 QA            -0.110        -0.156         1.000
 RECOVER       -0.173        -0.245        -0.152         1.000
 SPEECH        -0.177        -0.251        -0.156        -0.245         1.000
 PSC            0.000         0.000         0.000         0.000         0.000
 PS2            0.000         0.000         0.000         0.000         0.000
 POSITIVE       0.000         0.000         0.000         0.000         0.000


           Correlations
              PSC           PS2           POSITIVE
              ________      ________      ________
 PSC            0.000
 PS2            0.000         0.000
 POSITIVE       0.000         0.000         0.000


     ESTIMATED SAMPLE STATISTICS FOR BETWEEN ID


           Means
              RSAZ          RSABC         PEPBC         PEPZ          FEMALE
              ________      ________      ________      ________      ________
                0.000         0.010        -1.736         0.000         0.624


           Means
              MATH          PREP          QA            RECOVER       SPEECH
              ________      ________      ________      ________      ________
                0.000         0.000         0.000         0.000         0.000


           Means
              PSC           PS2           POSITIVE
              ________      ________      ________
                0.221         0.233         0.221


           Covariances
              RSAZ          RSABC         PEPBC         PEPZ          FEMALE
              ________      ________      ________      ________      ________
 RSAZ           0.000
 RSABC          0.000         1.534
 PEPBC          0.000        -1.122       345.033
 PEPZ           0.000         0.000         0.000         0.000
 FEMALE         0.000         0.092        -0.259         0.000         0.235
 MATH           0.000         0.000         0.000         0.000         0.000
 PREP           0.000         0.000         0.000         0.000         0.000
 QA             0.000         0.000         0.000         0.000         0.000
 RECOVER        0.000         0.000         0.000         0.000         0.000
 SPEECH         0.000         0.000         0.000         0.000         0.000
 PSC            0.000        -0.038         0.393         0.000         0.013
 PS2            0.000        -0.051        -0.412         0.000         0.022
 POSITIVE       0.000        -0.058         0.100         0.000         0.017


           Covariances
              MATH          PREP          QA            RECOVER       SPEECH
              ________      ________      ________      ________      ________
 MATH           0.000
 PREP           0.000         0.000
 QA             0.000         0.000         0.000
 RECOVER        0.000         0.000         0.000         0.000
 SPEECH         0.000         0.000         0.000         0.000         0.000
 PSC            0.000         0.000         0.000         0.000         0.000
 PS2            0.000         0.000         0.000         0.000         0.000
 POSITIVE       0.000         0.000         0.000         0.000         0.000


           Covariances
              PSC           PS2           POSITIVE
              ________      ________      ________
 PSC            0.172
 PS2           -0.051         0.178
 POSITIVE       0.067         0.053         0.172


           Correlations
              RSAZ          RSABC         PEPBC         PEPZ          FEMALE
              ________      ________      ________      ________      ________
 RSAZ           0.000
 RSABC          0.000         1.000
 PEPBC          0.000        -0.049         1.000
 PEPZ           0.000         0.000         0.000         0.000
 FEMALE         0.000         0.153        -0.029         0.000         1.000
 MATH           0.000         0.000         0.000         0.000         0.000
 PREP           0.000         0.000         0.000         0.000         0.000
 QA             0.000         0.000         0.000         0.000         0.000
 RECOVER        0.000         0.000         0.000         0.000         0.000
 SPEECH         0.000         0.000         0.000         0.000         0.000
 PSC            0.000        -0.074         0.051         0.000         0.066
 PS2            0.000        -0.098        -0.052         0.000         0.105
 POSITIVE       0.000        -0.113         0.013         0.000         0.085


           Correlations
              MATH          PREP          QA            RECOVER       SPEECH
              ________      ________      ________      ________      ________
 MATH           0.000
 PREP           0.000         0.000
 QA             0.000         0.000         0.000
 RECOVER        0.000         0.000         0.000         0.000
 SPEECH         0.000         0.000         0.000         0.000         0.000
 PSC            0.000         0.000         0.000         0.000         0.000
 PS2            0.000         0.000         0.000         0.000         0.000
 POSITIVE       0.000         0.000         0.000         0.000         0.000


           Correlations
              PSC           PS2           POSITIVE
              ________      ________      ________
 PSC            1.000
 PS2           -0.293         1.000
 POSITIVE       0.392         0.304         1.000


     MAXIMUM LOG-LIKELIHOOD VALUE FOR THE UNRESTRICTED (H1) MODEL IS -17724.493


UNIVARIATE SAMPLE STATISTICS


     UNIVARIATE HIGHER-ORDER MOMENT DESCRIPTIVE STATISTICS

         Variable/         Mean/     Skewness/   Minimum/ % with                Percentiles
        Sample Size      Variance    Kurtosis    Maximum  Min/Max      20%/60%    40%/80%    Median

     RSAZ                  0.000       0.462      -3.983    0.02%      -0.794     -0.323     -0.100
            5836.000       0.952       0.674       4.368    0.02%       0.148      0.815
     RSABC                 0.010       0.134      -3.501    0.39%      -0.972     -0.288      0.025
             258.000       1.534       0.473       4.061    0.39%       0.343      0.940
     PEPBC                -1.736      -0.697     -69.711    0.39%     -12.511     -3.711     -0.011
             258.000     345.032       1.699      58.889    0.39%       3.689     11.289
     PEPZ                  0.014      -0.148      -4.534    0.02%      -0.752     -0.230      0.012
            5836.000       0.945       0.727       4.477    0.02%       0.264      0.856
     FEMALE                0.624      -0.512       0.000   37.60%       0.000      1.000      1.000
             258.000       0.235      -1.738       1.000   62.40%       1.000      1.000
     MATH                  0.167       1.789       0.000   83.33%       0.000      0.000      0.000
               6.000       0.139       1.200       1.000   16.67%       0.000      0.000
     PREP                  0.167       1.789       0.000   83.33%       0.000      0.000      0.000
               6.000       0.139       1.200       1.000   16.67%       0.000      0.000
     QA                    0.167       1.789       0.000   83.33%       0.000      0.000      0.000
               6.000       0.139       1.200       1.000   16.67%       0.000      0.000
     RECOVER               0.167       1.789       0.000   83.33%       0.000      0.000      0.000
               6.000       0.139       1.200       1.000   16.67%       0.000      0.000
     SPEECH                0.167       1.789       0.000   83.33%       0.000      0.000      0.000
               6.000       0.139       1.200       1.000   16.67%       0.000      0.000
     PSC                   0.221       1.345       0.000   77.91%       0.000      0.000      0.000
             258.000       0.172      -0.190       1.000   22.09%       0.000      1.000
     PS2                   0.233       1.266       0.000   76.74%       0.000      0.000      0.000
             258.000       0.178      -0.397       1.000   23.26%       0.000      1.000
     POSITIVE              0.221       1.345       0.000   77.91%       0.000      0.000      0.000
             258.000       0.172      -0.190       1.000   22.09%       0.000      1.000


THE MODEL ESTIMATION TERMINATED NORMALLY



MODEL FIT INFORMATION

Number of Free Parameters                       22

Loglikelihood

          H0 Value                      -17535.837

Information Criteria

          Akaike (AIC)                   35115.675
          Bayesian (BIC)                 35262.455
          Sample-Size Adjusted BIC       35192.545
            (n* = (n + 2) / 24)



MODEL RESULTS

                                                    Two-Tailed
                    Estimate       S.E.  Est./S.E.    P-Value

Within Level

 Means
    PEPZ               0.000      0.000    999.000    999.000

 Intercepts
    RSAZ               0.000      0.000    999.000    999.000

 Variances
    PEPZ               0.945      0.018     54.019      0.000

 Residual Variances
    RSAZ               0.789      0.016     49.056      0.000

Between TASK Level

 S          ON
    MATH              -0.022      0.066     -0.338      0.735
    PREP              -0.030      0.050     -0.601      0.548
    QA                -0.243      0.081     -3.009      0.003
    RECOVER           -0.130      0.052     -2.522      0.012
    SPEECH            -0.020      0.049     -0.400      0.689

 Residual Variances
    S                  0.098      0.015      6.555      0.000

Between ID Level

 S          ON
    FEMALE             0.135      0.042      3.191      0.001
    PEPBC             -0.002      0.001     -1.582      0.114
    PS2                0.107      0.061      1.766      0.077
    PSC                0.125      0.065      1.931      0.053
    POSITIVE           0.097      0.061      1.585      0.113
    RSABC              0.080      0.017      4.789      0.000

 RSABC      ON
    FEMALE             0.390      0.157      2.480      0.013

 PEPBC      ON
    FEMALE            -1.106      2.386     -0.463      0.643

 Intercepts
    RSABC             -0.233      0.124     -1.876      0.061
    PEPBC             -1.046      1.885     -0.555      0.579
    S                  0.031      0.046      0.688      0.491

 Residual Variances
    RSABC              1.498      0.132     11.358      0.000
    PEPBC            344.746     30.353     11.358      0.000
    S                  0.033      0.010      3.417      0.001

New/Additional Parameters
    IND                0.031      0.014      2.202      0.028


QUALITY OF NUMERICAL RESULTS

     Condition Number for the Information Matrix              0.850E-05
       (ratio of smallest to largest eigenvalue)


CONFIDENCE INTERVALS OF MODEL RESULTS

                  Lower .5%  Lower 2.5%    Lower 5%    Estimate    Upper 5%  Upper 2.5%   Upper .5%

Within Level

 Means
    PEPZ             0.000       0.000       0.000       0.000       0.000       0.000       0.000

 Intercepts
    RSAZ             0.000       0.000       0.000       0.000       0.000       0.000       0.000

 Variances
    PEPZ             0.900       0.911       0.917       0.945       0.974       0.980       0.990

 Residual Variances
    RSAZ             0.747       0.757       0.762       0.789       0.815       0.820       0.830

Between TASK Level

 S        ON
    MATH            -0.191      -0.151      -0.130      -0.022       0.086       0.107       0.147
    PREP            -0.158      -0.127      -0.112      -0.030       0.052       0.068       0.098
    QA              -0.451      -0.401      -0.376      -0.243      -0.110      -0.085      -0.035
    RECOVER         -0.263      -0.231      -0.215      -0.130      -0.045      -0.029       0.003
    SPEECH          -0.145      -0.115      -0.100      -0.020       0.061       0.076       0.106

 Residual Variances
    S                0.059       0.069       0.073       0.098       0.122       0.127       0.136

Between ID Level

 S        ON
    FEMALE           0.026       0.052       0.066       0.135       0.205       0.219       0.245
    PEPBC           -0.004      -0.004      -0.003      -0.002       0.000       0.000       0.001
    PS2             -0.049      -0.012       0.007       0.107       0.207       0.226       0.263
    PSC             -0.042      -0.002       0.019       0.125       0.232       0.252       0.292
    POSITIVE        -0.061      -0.023      -0.004       0.097       0.198       0.217       0.255
    RSABC            0.037       0.047       0.052       0.080       0.107       0.112       0.122

 RSABC    ON
    FEMALE          -0.015       0.082       0.131       0.390       0.649       0.699       0.795

 PEPBC    ON
    FEMALE          -7.253      -5.783      -5.032      -1.106       2.820       3.572       5.041

 Intercepts
    RSABC           -0.553      -0.477      -0.438      -0.233      -0.029       0.010       0.087
    PEPBC           -5.902      -4.741      -4.147      -1.046       2.055       2.649       3.810
    S               -0.086      -0.058      -0.044       0.031       0.106       0.121       0.149

 Residual Variances
    RSABC            1.159       1.240       1.281       1.498       1.715       1.757       1.838
    PEPBC          266.562     285.253     294.815     344.746     394.677     404.238     422.929
    S                0.008       0.014       0.017       0.033       0.049       0.052       0.058

New/Additional Parameters
    IND             -0.005       0.003       0.008       0.031       0.054       0.059       0.067


     Beginning Time:  13:39:49
        Ending Time:  13:40:17
       Elapsed Time:  00:00:28



MUTHEN & MUTHEN
3463 Stoner Ave.
Los Angeles, CA  90066

Tel: (310) 391-9971
Fax: (310) 391-8971
Web: www.StatModel.com
Support: Support@StatModel.com

Copyright (c) 1998-2017 Muthen & Muthen
