Mplus VERSION 8 (Mac)
MUTHEN & MUTHEN
08/09/2019   2:31 PM

INPUT INSTRUCTIONS

  title:
   bivariate growth model autonomic space

  data:
  FILE = all.long0.csv;

  variable:
  names are
  ID	study	task	RSA	PEP
  RSAz	PEPz	RSAb	PEPb	gender	feedback
  ps2	psc	rt2	rt3	
  baseline	math	prep	qa	recover speech	
  female	negative	positive rsabc pepbc
  black age bmi;


  USEVARIABLES = rsaz pepz
  rsabc pepbc
  female black age
  math prep recover speech;
  within = rsaz pepz;
  between = (task) math prep recover speech
  (id) female
  rsabc pepbc
  black age;

  CLUSTER = id task;

  missing = .;
  	
  ANALYSIS:
  	coverage = 0;
  	!model = nocovariances;
  	TYPE = THREELEVEL RANDOM;
  	ESTIMATOR = ML;

  MODEL:

  %WITHIN%

  S|rsaz on pepz;

  [rsaz@0 pepz@0];

  %BETWEEN TASK%

  S on math prep recover speech;

  %BETWEEN ID%

  S; [S];

  s on female black age pepbc;

  s on rsabc (b);

  rsabc on female (a1);

  rsabc on age (a2);

  rsabc on black;

  pepbc on black age female;

  MODEL CONSTRAINT:

  NEW(ind1 ind2);

  ind1=a1*b;
  ind2=a2*b;



  OUTPUT: SAMPSTAT STANDARDIZED CINTERVAL;



*** WARNING in MODEL command
  Variable on the left-hand side of an ON statement in a | statement is a
  WITHIN variable.  The intercept for this variable is not random.
  Variable:  RSAZ
*** WARNING
  Clusters for TASK with the same IDs have been found in different clusters
  for ID.  These clusters are assumed to be different because clusters for
  TASK are not allowed to appear in more than one cluster for ID.
*** WARNING in OUTPUT command
  STANDARDIZED (STD, STDY, STDYX) options are available only for TYPE=TWOLEVEL RANDOM
  with ESTIMATOR=BAYES.  Request for STANDARDIZED (STD, STDY, STDYX) is ignored.
*** WARNING
  Data set contains cases with missing on x-variables.
  These cases were not included in the analysis.
  Number of cases with missing on x-variables:  4436
   4 WARNING(S) FOUND IN THE INPUT INSTRUCTIONS




bivariate growth model autonomic space

SUMMARY OF ANALYSIS

Number of groups                                                 1
Number of observations                                        3092

Number of dependent variables                                    3
Number of independent variables                                  8
Number of continuous latent variables                            1

Observed dependent variables

  Continuous
   RSAZ        RSABC       PEPBC

Observed independent variables
   PEPZ        FEMALE      BLACK       AGE         MATH        PREP
   RECOVER     SPEECH

Continuous latent variables
   S

Variables with special functions

  Cluster variables     ID        TASK

  Within variables
   RSAZ        PEPZ

  Level 2 between variables
   MATH        PREP        RECOVER     SPEECH

  Level 3 between variables
   FEMALE      RSABC
   PEPBC       BLACK       AGE


Estimator                                                       ML
Information matrix                                        OBSERVED
Maximum number of iterations                                   100
Convergence criterion                                    0.100D-05
Maximum number of EM iterations                                500
Convergence criteria for the EM algorithm
  Loglikelihood change                                   0.100D-02
  Relative loglikelihood change                          0.100D-05
  Derivative                                             0.100D-03
Minimum variance                                         0.100D-03
Maximum number of steepest descent iterations                   20
Maximum number of iterations for H1                           2000
Convergence criterion for H1                             0.100D-02
Optimization algorithm                                         EMA

Input data file(s)
  all.long0.csv
Input data format  FREE


SUMMARY OF DATA

     Number of missing data patterns             1
     Number of TASK clusters              646
     Number of ID clusters                131

     Average cluster size for TASK level        4.786

     Estimated Intraclass Correlations for the Y Variables for TASK level

                Intraclass
     Variable  Correlation


     Average cluster size for ID level       23.603

     Estimated Intraclass Correlations for the Y Variables for ID level

                Intraclass
     Variable  Correlation



COVARIANCE COVERAGE OF DATA

Minimum covariance coverage value   0.000


     PROPORTION OF DATA PRESENT


           Covariance Coverage
              RSAZ          RSABC         PEPBC         PEPZ          FEMALE
              ________      ________      ________      ________      ________
 RSAZ           1.000
 RSABC          1.000         1.000
 PEPBC          1.000         1.000         1.000
 PEPZ           1.000         1.000         1.000         1.000
 FEMALE         1.000         1.000         1.000         1.000         1.000
 BLACK          1.000         1.000         1.000         1.000         1.000
 AGE            1.000         1.000         1.000         1.000         1.000
 MATH           1.000         1.000         1.000         1.000         1.000
 PREP           1.000         1.000         1.000         1.000         1.000
 RECOVER        1.000         1.000         1.000         1.000         1.000
 SPEECH         1.000         1.000         1.000         1.000         1.000


           Covariance Coverage
              BLACK         AGE           MATH          PREP          RECOVER
              ________      ________      ________      ________      ________
 BLACK          1.000
 AGE            1.000         1.000
 MATH           1.000         1.000         1.000
 PREP           1.000         1.000         1.000         1.000
 RECOVER        1.000         1.000         1.000         1.000         1.000
 SPEECH         1.000         1.000         1.000         1.000         1.000


           Covariance Coverage
              SPEECH
              ________
 SPEECH         1.000


SAMPLE STATISTICS

NOTE:  The sample statistics for within and between refer to the
       maximum-likelihood estimated within and between covariance
       matrices, respectively.


     ESTIMATED SAMPLE STATISTICS FOR WITHIN


           Means
              RSAZ          RSABC         PEPBC         PEPZ          FEMALE
              ________      ________      ________      ________      ________
                0.001         0.000         0.000         0.009         0.000


           Means
              BLACK         AGE           MATH          PREP          RECOVER
              ________      ________      ________      ________      ________
                0.000         0.000         0.000         0.000         0.000


           Means
              SPEECH
              ________
                0.000


           Covariances
              RSAZ          RSABC         PEPBC         PEPZ          FEMALE
              ________      ________      ________      ________      ________
 RSAZ           0.959
 RSABC          0.000         0.000
 PEPBC          0.000         0.000         0.000
 PEPZ           0.071         0.000         0.000         0.948
 FEMALE         0.000         0.000         0.000         0.000         0.000
 BLACK          0.000         0.000         0.000         0.000         0.000
 AGE            0.000         0.000         0.000         0.000         0.000
 MATH           0.000         0.000         0.000         0.000         0.000
 PREP           0.000         0.000         0.000         0.000         0.000
 RECOVER        0.000         0.000         0.000         0.000         0.000
 SPEECH         0.000         0.000         0.000         0.000         0.000


           Covariances
              BLACK         AGE           MATH          PREP          RECOVER
              ________      ________      ________      ________      ________
 BLACK          0.000
 AGE            0.000         0.000
 MATH           0.000         0.000         0.000
 PREP           0.000         0.000         0.000         0.000
 RECOVER        0.000         0.000         0.000         0.000         0.000
 SPEECH         0.000         0.000         0.000         0.000         0.000


           Covariances
              SPEECH
              ________
 SPEECH         0.000


           Correlations
              RSAZ          RSABC         PEPBC         PEPZ          FEMALE
              ________      ________      ________      ________      ________
 RSAZ           1.000
 RSABC          0.000         0.000
 PEPBC          0.000         0.000         0.000
 PEPZ           0.075         0.000         0.000         1.000
 FEMALE         0.000         0.000         0.000         0.000         0.000
 BLACK          0.000         0.000         0.000         0.000         0.000
 AGE            0.000         0.000         0.000         0.000         0.000
 MATH           0.000         0.000         0.000         0.000         0.000
 PREP           0.000         0.000         0.000         0.000         0.000
 RECOVER        0.000         0.000         0.000         0.000         0.000
 SPEECH         0.000         0.000         0.000         0.000         0.000


           Correlations
              BLACK         AGE           MATH          PREP          RECOVER
              ________      ________      ________      ________      ________
 BLACK          0.000
 AGE            0.000         0.000
 MATH           0.000         0.000         0.000
 PREP           0.000         0.000         0.000         0.000
 RECOVER        0.000         0.000         0.000         0.000         0.000
 SPEECH         0.000         0.000         0.000         0.000         0.000


           Correlations
              SPEECH
              ________
 SPEECH         0.000


     ESTIMATED SAMPLE STATISTICS FOR BETWEEN TASK


           Means
              RSAZ          RSABC         PEPBC         PEPZ          FEMALE
              ________      ________      ________      ________      ________
                0.000         0.000         0.000         0.000         0.000


           Means
              BLACK         AGE           MATH          PREP          RECOVER
              ________      ________      ________      ________      ________
                0.000         0.000         0.200         0.203         0.197


           Means
              SPEECH
              ________
                0.198


           Covariances
              RSAZ          RSABC         PEPBC         PEPZ          FEMALE
              ________      ________      ________      ________      ________
 RSAZ           0.000
 RSABC          0.000         0.000
 PEPBC          0.000         0.000         0.000
 PEPZ           0.000         0.000         0.000         0.000
 FEMALE         0.000         0.000         0.000         0.000         0.000
 BLACK          0.000         0.000         0.000         0.000         0.000
 AGE            0.000         0.000         0.000         0.000         0.000
 MATH           0.000         0.000         0.000         0.000         0.000
 PREP           0.000         0.000         0.000         0.000         0.000
 RECOVER        0.000         0.000         0.000         0.000         0.000
 SPEECH         0.000         0.000         0.000         0.000         0.000


           Covariances
              BLACK         AGE           MATH          PREP          RECOVER
              ________      ________      ________      ________      ________
 BLACK          0.000
 AGE            0.000         0.000
 MATH           0.000         0.000         0.160
 PREP           0.000         0.000        -0.040         0.162
 RECOVER        0.000         0.000        -0.039        -0.040         0.158
 SPEECH         0.000         0.000        -0.040        -0.040        -0.039


           Covariances
              SPEECH
              ________
 SPEECH         0.159


           Correlations
              RSAZ          RSABC         PEPBC         PEPZ          FEMALE
              ________      ________      ________      ________      ________
 RSAZ           0.000
 RSABC          0.000         0.000
 PEPBC          0.000         0.000         0.000
 PEPZ           0.000         0.000         0.000         0.000
 FEMALE         0.000         0.000         0.000         0.000         0.000
 BLACK          0.000         0.000         0.000         0.000         0.000
 AGE            0.000         0.000         0.000         0.000         0.000
 MATH           0.000         0.000         0.000         0.000         0.000
 PREP           0.000         0.000         0.000         0.000         0.000
 RECOVER        0.000         0.000         0.000         0.000         0.000
 SPEECH         0.000         0.000         0.000         0.000         0.000


           Correlations
              BLACK         AGE           MATH          PREP          RECOVER
              ________      ________      ________      ________      ________
 BLACK          0.000
 AGE            0.000         0.000
 MATH           0.000         0.000         1.000
 PREP           0.000         0.000        -0.252         1.000
 RECOVER        0.000         0.000        -0.247        -0.249         1.000
 SPEECH         0.000         0.000        -0.248        -0.251        -0.246


           Correlations
              SPEECH
              ________
 SPEECH         1.000


     ESTIMATED SAMPLE STATISTICS FOR BETWEEN ID


           Means
              RSAZ          RSABC         PEPBC         PEPZ          FEMALE
              ________      ________      ________      ________      ________
                0.000         0.147        -1.947         0.000         0.550


           Means
              BLACK         AGE           MATH          PREP          RECOVER
              ________      ________      ________      ________      ________
                0.481        28.947         0.000         0.000         0.000


           Means
              SPEECH
              ________
                0.000


           Covariances
              RSAZ          RSABC         PEPBC         PEPZ          FEMALE
              ________      ________      ________      ________      ________
 RSAZ           0.000
 RSABC          0.000         1.771
 PEPBC          0.000        -3.775       433.316
 PEPZ           0.000         0.000         0.000         0.000
 FEMALE         0.000         0.118        -0.277         0.000         0.248
 BLACK          0.000         0.112        -0.459         0.000        -0.012
 AGE            0.000        -7.110        29.553         0.000        -0.551
 MATH           0.000         0.000         0.000         0.000         0.000
 PREP           0.000         0.000         0.000         0.000         0.000
 RECOVER        0.000         0.000         0.000         0.000         0.000
 SPEECH         0.000         0.000         0.000         0.000         0.000


           Covariances
              BLACK         AGE           MATH          PREP          RECOVER
              ________      ________      ________      ________      ________
 BLACK          0.250
 AGE           -1.173       113.302
 MATH           0.000         0.000         0.000
 PREP           0.000         0.000         0.000         0.000
 RECOVER        0.000         0.000         0.000         0.000         0.000
 SPEECH         0.000         0.000         0.000         0.000         0.000


           Covariances
              SPEECH
              ________
 SPEECH         0.000


           Correlations
              RSAZ          RSABC         PEPBC         PEPZ          FEMALE
              ________      ________      ________      ________      ________
 RSAZ           0.000
 RSABC          0.000         1.000
 PEPBC          0.000        -0.136         1.000
 PEPZ           0.000         0.000         0.000         0.000
 FEMALE         0.000         0.179        -0.027         0.000         1.000
 BLACK          0.000         0.168        -0.044         0.000        -0.050
 AGE            0.000        -0.502         0.133         0.000        -0.104
 MATH           0.000         0.000         0.000         0.000         0.000
 PREP           0.000         0.000         0.000         0.000         0.000
 RECOVER        0.000         0.000         0.000         0.000         0.000
 SPEECH         0.000         0.000         0.000         0.000         0.000


           Correlations
              BLACK         AGE           MATH          PREP          RECOVER
              ________      ________      ________      ________      ________
 BLACK          1.000
 AGE           -0.221         1.000
 MATH           0.000         0.000         0.000
 PREP           0.000         0.000         0.000         0.000
 RECOVER        0.000         0.000         0.000         0.000         0.000
 SPEECH         0.000         0.000         0.000         0.000         0.000


           Correlations
              SPEECH
              ________
 SPEECH         0.000


     MAXIMUM LOG-LIKELIHOOD VALUE FOR THE UNRESTRICTED (H1) MODEL IS -9402.726


UNIVARIATE SAMPLE STATISTICS


     UNIVARIATE HIGHER-ORDER MOMENT DESCRIPTIVE STATISTICS

         Variable/         Mean/     Skewness/   Minimum/ % with                Percentiles
        Sample Size      Variance    Kurtosis    Maximum  Min/Max      20%/60%    40%/80%    Median

     RSAZ                  0.001       0.629      -3.107    0.03%      -0.770     -0.346     -0.133
            3092.000       0.959       0.946       4.368    0.03%       0.107      0.782
     RSABC                 0.147       0.227      -3.501    0.76%      -1.013     -0.195      0.122
             131.000       1.771       0.411       4.061    0.76%       0.451      1.134
     PEPBC                -1.947      -0.626     -69.711    0.76%     -13.111     -4.111      1.289
             131.000     433.316       1.135      58.889    0.76%       4.289     12.489
     PEPZ                  0.009      -0.252      -4.534    0.03%      -0.779     -0.244      0.015
            3092.000       0.948       0.420       4.477    0.03%       0.260      0.903
     FEMALE                0.550      -0.199       0.000   45.04%       0.000      0.000      1.000
             131.000       0.248      -1.960       1.000   54.96%       1.000      1.000
     BLACK                 0.481       0.076       0.000   51.91%       0.000      0.000      0.000
             131.000       0.250      -1.994       1.000   48.09%       1.000      1.000
     AGE                  28.947       0.962      15.000    1.53%      21.000     22.000     24.000
             131.000     113.302      -0.391      55.000    1.53%      27.000     40.000
     MATH                  0.200       1.500       0.000   80.00%       0.000      0.000      0.000
               5.000       0.160       0.250       1.000   20.00%       0.000      0.000
     PREP                  0.200       1.500       0.000   80.00%       0.000      0.000      0.000
               5.000       0.160       0.250       1.000   20.00%       0.000      0.000
     RECOVER               0.200       1.500       0.000   80.00%       0.000      0.000      0.000
               5.000       0.160       0.250       1.000   20.00%       0.000      0.000
     SPEECH                0.200       1.500       0.000   80.00%       0.000      0.000      0.000
               5.000       0.160       0.250       1.000   20.00%       0.000      0.000


THE MODEL ESTIMATION TERMINATED NORMALLY



MODEL FIT INFORMATION

Number of Free Parameters                       24

Loglikelihood

          H0 Value                       -9281.363

Information Criteria

          Akaike (AIC)                   18610.725
          Bayesian (BIC)                 18755.603
          Sample-Size Adjusted BIC       18679.345
            (n* = (n + 2) / 24)



MODEL RESULTS

                                                    Two-Tailed
                    Estimate       S.E.  Est./S.E.    P-Value

Within Level

 Means
    PEPZ               0.000      0.000    999.000    999.000

 Intercepts
    RSAZ               0.000      0.000    999.000    999.000

 Variances
    PEPZ               0.948      0.024     39.319      0.000

 Residual Variances
    RSAZ               0.784      0.022     35.744      0.000

Between TASK Level

 S          ON
    MATH               0.033      0.075      0.437      0.662
    PREP               0.057      0.067      0.864      0.388
    RECOVER            0.021      0.071      0.291      0.771
    SPEECH            -0.048      0.080     -0.600      0.549

 Residual Variances
    S                  0.124      0.022      5.754      0.000

Between ID Level

 S          ON
    FEMALE             0.184      0.058      3.158      0.002
    BLACK              0.042      0.059      0.717      0.473
    AGE               -0.002      0.003     -0.673      0.501
    PEPBC             -0.002      0.001     -1.102      0.271
    RSABC              0.069      0.025      2.749      0.006

 RSABC      ON
    FEMALE             0.357      0.201      1.775      0.076
    AGE               -0.059      0.010     -6.142      0.000
    BLACK              0.188      0.204      0.924      0.356

 PEPBC      ON
    BLACK             -0.689      3.708     -0.186      0.853
    AGE                0.251      0.175      1.435      0.151
    FEMALE            -0.594      3.652     -0.163      0.871

 Intercepts
    RSABC              1.570      0.361      4.347      0.000
    PEPBC             -8.550      6.565     -1.302      0.193
    S                 -0.013      0.119     -0.109      0.913

 Residual Variances
    RSABC              1.288      0.159      8.093      0.000
    PEPBC            425.424     52.566      8.093      0.000
    S                  0.033      0.014      2.402      0.016

New/Additional Parameters
    IND1               0.025      0.016      1.491      0.136
    IND2              -0.004      0.002     -2.509      0.012


QUALITY OF NUMERICAL RESULTS

     Condition Number for the Information Matrix              0.258E-07
       (ratio of smallest to largest eigenvalue)


CONFIDENCE INTERVALS OF MODEL RESULTS

                  Lower .5%  Lower 2.5%    Lower 5%    Estimate    Upper 5%  Upper 2.5%   Upper .5%

Within Level

 Means
    PEPZ             0.000       0.000       0.000       0.000       0.000       0.000       0.000

 Intercepts
    RSAZ             0.000       0.000       0.000       0.000       0.000       0.000       0.000

 Variances
    PEPZ             0.886       0.901       0.908       0.948       0.988       0.995       1.010

 Residual Variances
    RSAZ             0.727       0.741       0.748       0.784       0.820       0.827       0.840

Between TASK Level

 S        ON
    MATH            -0.160      -0.114      -0.091       0.033       0.156       0.180       0.226
    PREP            -0.114      -0.073      -0.052       0.057       0.167       0.188       0.229
    RECOVER         -0.163      -0.119      -0.097       0.021       0.138       0.161       0.204
    SPEECH          -0.253      -0.204      -0.179      -0.048       0.083       0.109       0.158

 Residual Variances
    S                0.069       0.082       0.089       0.124       0.160       0.166       0.180

Between ID Level

 S        ON
    FEMALE           0.034       0.070       0.088       0.184       0.279       0.298       0.333
    BLACK           -0.110      -0.073      -0.055       0.042       0.139       0.158       0.194
    AGE             -0.010      -0.008      -0.007      -0.002       0.003       0.004       0.006
    PEPBC           -0.005      -0.004      -0.004      -0.002       0.001       0.001       0.002
    RSABC            0.004       0.020       0.028       0.069       0.110       0.118       0.133

 RSABC    ON
    FEMALE          -0.161      -0.037       0.026       0.357       0.687       0.750       0.874
    AGE             -0.084      -0.078      -0.075      -0.059      -0.043      -0.040      -0.034
    BLACK           -0.337      -0.211      -0.147       0.188       0.524       0.588       0.714

 PEPBC    ON
    BLACK          -10.241      -7.958      -6.790      -0.689       5.411       6.579       8.862
    AGE             -0.199      -0.092      -0.037       0.251       0.538       0.593       0.701
    FEMALE         -10.001      -7.752      -6.602      -0.594       5.414       6.564       8.813

 Intercepts
    RSABC            0.640       0.862       0.976       1.570       2.164       2.278       2.501
    PEPBC          -25.459     -21.416     -19.348      -8.550       2.249       4.317       8.360
    S               -0.319      -0.246      -0.209      -0.013       0.183       0.220       0.293

 Residual Variances
    RSABC            0.878       0.976       1.026       1.288       1.550       1.600       1.698
    PEPBC          290.025     322.395     338.954     425.424     511.895     528.453     560.823
    S               -0.002       0.006       0.010       0.033       0.056       0.060       0.068

New/Additional Parameters
    IND1            -0.018      -0.008      -0.003       0.025       0.052       0.057       0.067
    IND2            -0.008      -0.007      -0.007      -0.004      -0.001      -0.001       0.000


     Beginning Time:  14:31:33
        Ending Time:  14:31:47
       Elapsed Time:  00:00:14



MUTHEN & MUTHEN
3463 Stoner Ave.
Los Angeles, CA  90066

Tel: (310) 391-9971
Fax: (310) 391-8971
Web: www.StatModel.com
Support: Support@StatModel.com

Copyright (c) 1998-2017 Muthen & Muthen
