Mplus VERSION 8 (Mac)
MUTHEN & MUTHEN
04/06/2020  12:28 PM

INPUT INSTRUCTIONS

  title:
   bivariate growth model autonomic space

  data:
  FILE = all.longz0.csv;

  variable:
  names are
  ID RSA PEP RSAb PEPb	
  ps2 psc rt2 rt3	
  baseline math	 prep qa recover speech	
  female	negative positive	
  RSAbc PEPbc RSAr PEPr black agec
  rsarz peprz RSAbz PEPbz	
  positivez pscz ps2z rt2z rt3z;


  USEVARIABLES = rsarz peprz
  positivez rt2z rt3z ps2z rsabz pepbz;
  !math baseline prep recover speech qa;
  within = rsarz peprz;
  !math baseline prep recover speech qa;
  between = rt2z rt3z ps2z positivez rsabz pepbz;

  CLUSTER = id;
  missing = .;
  	
  ANALYSIS:
  	coverage = 0;
  	model = nocovariances;
  	TYPE = TWOLEVEL RANDOM;
  	ESTIMATOR = ML;

  MODEL:

  %WITHIN%

  S|peprz on rsarz;

  [rsarz@0 peprz@0];

  %BETWEEN%

  S; [S];

  S on rt2z rt3z ps2z positivez rsabz pepbz;


  OUTPUT: SAMPSTAT STANDARDIZED CINTERVAL;



*** WARNING in VARIABLE command
  Note that only the first 8 characters of variable names are used in the output.
  Shorten variable names to avoid any confusion.
*** WARNING in MODEL command
  Variable on the left-hand side of an ON statement in a | statement is a
  WITHIN variable.  The intercept for this variable is not random.
  Variable:  PEPRZ
*** WARNING in OUTPUT command
  STANDARDIZED (STD, STDY, STDYX) options are available only for TYPE=TWOLEVEL RANDOM
  with ESTIMATOR=BAYES.  Request for STANDARDIZED (STD, STDY, STDYX) is ignored.
   3 WARNING(S) FOUND IN THE INPUT INSTRUCTIONS




bivariate growth model autonomic space

SUMMARY OF ANALYSIS

Number of groups                                                 1
Number of observations                                        7528

Number of dependent variables                                    1
Number of independent variables                                  7
Number of continuous latent variables                            1

Observed dependent variables

  Continuous
   PEPRZ

Observed independent variables
   RSARZ       POSITIVE    RT2Z        RT3Z        PS2Z        RSABZ
   PEPBZ

Continuous latent variables
   S

Variables with special functions

  Cluster variable      ID

  Within variables
   RSARZ       PEPRZ

  Between variables
   POSITIVE    RT2Z        RT3Z        PS2Z        RSABZ       PEPBZ


Estimator                                                       ML
Information matrix                                        OBSERVED
Maximum number of iterations                                   100
Convergence criterion                                    0.100D-05
Maximum number of EM iterations                                500
Convergence criteria for the EM algorithm
  Loglikelihood change                                   0.100D-02
  Relative loglikelihood change                          0.100D-05
  Derivative                                             0.100D-03
Minimum variance                                         0.100D-03
Maximum number of steepest descent iterations                   20
Maximum number of iterations for H1                           2000
Convergence criterion for H1                             0.100D-03
Optimization algorithm                                         EMA

Input data file(s)
  all.longz0.csv
Input data format  FREE


SUMMARY OF DATA

     Number of missing data patterns             1
     Number of clusters                        325

     Average cluster size       23.163

     Estimated Intraclass Correlations for the Y Variables

                Intraclass              Intraclass              Intraclass
     Variable  Correlation   Variable  Correlation   Variable  Correlation

     PEPRZ        0.000      RSARZ        0.000



COVARIANCE COVERAGE OF DATA

Minimum covariance coverage value   0.000


     PROPORTION OF DATA PRESENT


           Covariance Coverage
              PEPRZ         RSARZ         POSITIVE      RT2Z          RT3Z
              ________      ________      ________      ________      ________
 PEPRZ          1.000
 RSARZ          1.000         1.000
 POSITIVE       1.000         1.000         1.000
 RT2Z           1.000         1.000         1.000         1.000
 RT3Z           1.000         1.000         1.000         1.000         1.000
 PS2Z           1.000         1.000         1.000         1.000         1.000
 RSABZ          1.000         1.000         1.000         1.000         1.000
 PEPBZ          1.000         1.000         1.000         1.000         1.000


           Covariance Coverage
              PS2Z          RSABZ         PEPBZ
              ________      ________      ________
 PS2Z           1.000
 RSABZ          1.000         1.000
 PEPBZ          1.000         1.000         1.000


SAMPLE STATISTICS

NOTE:  The sample statistics for within and between refer to the
       maximum-likelihood estimated within and between covariance
       matrices, respectively.


     ESTIMATED SAMPLE STATISTICS FOR WITHIN


           Means
              PEPRZ         RSARZ         POSITIVE      RT2Z          RT3Z
              ________      ________      ________      ________      ________
                0.000         0.000         0.000         0.000         0.000


           Means
              PS2Z          RSABZ         PEPBZ
              ________      ________      ________
                0.000         0.000         0.000


           Covariances
              PEPRZ         RSARZ         POSITIVE      RT2Z          RT3Z
              ________      ________      ________      ________      ________
 PEPRZ          0.957
 RSARZ          0.159         0.957
 POSITIVE       0.000         0.000         0.000
 RT2Z           0.000         0.000         0.000         0.000
 RT3Z           0.000         0.000         0.000         0.000         0.000
 PS2Z           0.000         0.000         0.000         0.000         0.000
 RSABZ          0.000         0.000         0.000         0.000         0.000
 PEPBZ          0.000         0.000         0.000         0.000         0.000


           Covariances
              PS2Z          RSABZ         PEPBZ
              ________      ________      ________
 PS2Z           0.000
 RSABZ          0.000         0.000
 PEPBZ          0.000         0.000         0.000


           Correlations
              PEPRZ         RSARZ         POSITIVE      RT2Z          RT3Z
              ________      ________      ________      ________      ________
 PEPRZ          1.000
 RSARZ          0.166         1.000
 POSITIVE       0.000         0.000         0.000
 RT2Z           0.000         0.000         0.000         0.000
 RT3Z           0.000         0.000         0.000         0.000         0.000
 PS2Z           0.000         0.000         0.000         0.000         0.000
 RSABZ          0.000         0.000         0.000         0.000         0.000
 PEPBZ          0.000         0.000         0.000         0.000         0.000


           Correlations
              PS2Z          RSABZ         PEPBZ
              ________      ________      ________
 PS2Z           0.000
 RSABZ          0.000         0.000
 PEPBZ          0.000         0.000         0.000


     ESTIMATED SAMPLE STATISTICS FOR BETWEEN


           Means
              PEPRZ         RSARZ         POSITIVE      RT2Z          RT3Z
              ________      ________      ________      ________      ________
                0.000         0.000         0.033        -0.019        -0.045


           Means
              PS2Z          RSABZ         PEPBZ
              ________      ________      ________
               -0.010        -0.013         0.007


           Covariances
              PEPRZ         RSARZ         POSITIVE      RT2Z          RT3Z
              ________      ________      ________      ________      ________
 PEPRZ          0.000
 RSARZ          0.000         0.000
 POSITIVE       0.000         0.000         1.059
 RT2Z           0.000         0.000        -0.414         0.995
 RT3Z           0.000         0.000        -0.234        -0.431         0.939
 PS2Z           0.000         0.000         0.351        -0.412        -0.233
 RSABZ          0.000         0.000        -0.093         0.136        -0.041
 PEPBZ          0.000         0.000        -0.037        -0.089         0.198


           Covariances
              PS2Z          RSABZ         PEPBZ
              ________      ________      ________
 PS2Z           0.984
 RSABZ         -0.075         1.004
 PEPBZ         -0.096        -0.054         1.005


           Correlations
              PEPRZ         RSARZ         POSITIVE      RT2Z          RT3Z
              ________      ________      ________      ________      ________
 PEPRZ          0.000
 RSARZ          0.000         0.000
 POSITIVE       0.000         0.000         1.000
 RT2Z           0.000         0.000        -0.404         1.000
 RT3Z           0.000         0.000        -0.235        -0.446         1.000
 PS2Z           0.000         0.000         0.344        -0.417        -0.242
 RSABZ          0.000         0.000        -0.090         0.136        -0.043
 PEPBZ          0.000         0.000        -0.036        -0.089         0.204


           Correlations
              PS2Z          RSABZ         PEPBZ
              ________      ________      ________
 PS2Z           1.000
 RSABZ         -0.076         1.000
 PEPBZ         -0.097        -0.054         1.000


     MAXIMUM LOG-LIKELIHOOD VALUE FOR THE UNRESTRICTED (H1) MODEL IS -20926.516


UNIVARIATE SAMPLE STATISTICS


     UNIVARIATE HIGHER-ORDER MOMENT DESCRIPTIVE STATISTICS

         Variable/         Mean/     Skewness/   Minimum/ % with                Percentiles
        Sample Size      Variance    Kurtosis    Maximum  Min/Max      20%/60%    40%/80%    Median

     PEPRZ                 0.000       0.317      -3.983    0.01%      -0.806     -0.310     -0.075
            7528.000       0.957       0.472       4.368    0.01%       0.182      0.818
     RSARZ                 0.000      -0.149      -4.534    0.01%      -0.786     -0.255     -0.007
            7528.000       0.957       0.502       4.477    0.01%       0.254      0.857
     POSITIVEZ             0.033       1.707      -0.442   82.46%      -0.442     -0.442     -0.442
             325.000       1.059       0.914       2.264   17.54%      -0.442     -0.442
     RT2Z                 -0.019       0.267      -0.892   56.62%      -0.892     -0.892     -0.892
             325.000       0.995      -1.929       1.120   43.38%       1.120      1.120
     RT3Z                 -0.045       1.453      -0.538   79.38%      -0.538     -0.538     -0.538
             325.000       0.939       0.110       1.857   20.62%      -0.538      1.857
     PS2Z                 -0.010       1.626      -0.482   81.54%      -0.482     -0.482     -0.482
             325.000       0.984       0.643       2.076   18.46%      -0.482     -0.482
     RSABZ                -0.013       0.086      -2.882    0.31%      -0.796     -0.247      0.012
             325.000       1.004       0.476       3.342    0.31%       0.273      0.767
     PEPBZ                 0.007      -0.752      -3.911    0.31%      -0.556     -0.107      0.095
             325.000       1.005       1.987       3.304    0.31%       0.263      0.768


THE MODEL ESTIMATION TERMINATED NORMALLY



MODEL FIT INFORMATION

Number of Free Parameters                       10

Loglikelihood

          H0 Value                      -20721.240

Information Criteria

          Akaike (AIC)                   41462.479
          Bayesian (BIC)                 41531.743
          Sample-Size Adjusted BIC       41499.965
            (n* = (n + 2) / 24)



MODEL RESULTS

                                                    Two-Tailed
                    Estimate       S.E.  Est./S.E.    P-Value

Within Level

 Means
    RSARZ              0.000      0.000    999.000    999.000

 Intercepts
    PEPRZ              0.000      0.000    999.000    999.000

 Variances
    RSARZ              0.957      0.016     61.351      0.000

 Residual Variances
    PEPRZ              0.841      0.014     60.021      0.000

Between Level

 S          ON
    RT2Z              -0.077      0.032     -2.402      0.016
    RT3Z               0.018      0.030      0.624      0.533
    PS2Z              -0.008      0.025     -0.306      0.760
    POSITIVEZ          0.030      0.024      1.256      0.209
    RSABZ              0.114      0.019      6.031      0.000
    PEPBZ             -0.008      0.019     -0.442      0.659

 Intercepts
    S                  0.164      0.019      8.740      0.000

 Residual Variances
    S                  0.075      0.009      8.357      0.000


QUALITY OF NUMERICAL RESULTS

     Condition Number for the Information Matrix              0.255E-03
       (ratio of smallest to largest eigenvalue)


CONFIDENCE INTERVALS OF MODEL RESULTS

                  Lower .5%  Lower 2.5%    Lower 5%    Estimate    Upper 5%  Upper 2.5%   Upper .5%

Within Level

 Means
    RSARZ            0.000       0.000       0.000       0.000       0.000       0.000       0.000

 Intercepts
    PEPRZ            0.000       0.000       0.000       0.000       0.000       0.000       0.000

 Variances
    RSARZ            0.917       0.926       0.931       0.957       0.982       0.987       0.997

 Residual Variances
    PEPRZ            0.805       0.814       0.818       0.841       0.864       0.868       0.877

Between Level

 S        ON
    RT2Z            -0.159      -0.139      -0.129      -0.077      -0.024      -0.014       0.006
    RT3Z            -0.058      -0.040      -0.030       0.018       0.067       0.077       0.095
    PS2Z            -0.072      -0.057      -0.049      -0.008       0.034       0.042       0.057
    POSITIVEZ       -0.031      -0.017      -0.009       0.030       0.069       0.076       0.091
    RSABZ            0.066       0.077       0.083       0.114       0.146       0.152       0.163
    PEPBZ           -0.058      -0.046      -0.040      -0.008       0.023       0.029       0.041

 Intercepts
    S                0.116       0.128       0.134       0.164       0.195       0.201       0.213

 Residual Variances
    S                0.052       0.058       0.060       0.075       0.090       0.093       0.098


     Beginning Time:  12:28:00
        Ending Time:  12:28:01
       Elapsed Time:  00:00:01



MUTHEN & MUTHEN
3463 Stoner Ave.
Los Angeles, CA  90066

Tel: (310) 391-9971
Fax: (310) 391-8971
Web: www.StatModel.com
Support: Support@StatModel.com

Copyright (c) 1998-2017 Muthen & Muthen
