Mplus VERSION 8 (Mac)
MUTHEN & MUTHEN
08/12/2019   3:30 PM

INPUT INSTRUCTIONS

  title:
   bivariate growth model autonomic space

  data:
  FILE = long.wresp0.csv;

  variable:
  names are
  ID	RSA	PEP	Resp	task	RSAz	PEPz	
  RSAb	PEPb	Respc	rt3	
  baseline	math	prep	recover	speech
  rsabc pepbc;


  USEVARIABLES = rsaz pepz
  respc
  rsabc pepbc
  speech math recover prep
  rt3
  ;
  within = rsaz pepz
  respc
  ;
  between =
  (task) speech math recover prep
  (id)
  rsabc pepbc rt3
  ;

  CLUSTER = id task;

  missing = .;
  	
  ANALYSIS:
  	coverage = 0;
  	!model = nocovariances;
  	TYPE = THREELEVEL RANDOM;
  	ESTIMATOR = ML;

  MODEL:

  %WITHIN%

  rsaz on respc;

  pepz on respc;

  S|rsaz on pepz;

  [rsaz@0 pepz@0];

  %BETWEEN TASK%

  S on speech math recover prep;

  %BETWEEN ID%

  S; [S];

  s on
  rsabc pepbc
  rt3
  ;


  OUTPUT: SAMPSTAT STANDARDIZED CINTERVAL;



*** WARNING in MODEL command
  Variable on the left-hand side of an ON statement in a | statement is a
  WITHIN variable.  The intercept for this variable is not random.
  Variable:  RSAZ
*** WARNING
  Clusters for TASK with the same IDs have been found in different clusters
  for ID.  These clusters are assumed to be different because clusters for
  TASK are not allowed to appear in more than one cluster for ID.
*** WARNING in OUTPUT command
  STANDARDIZED (STD, STDY, STDYX) options are available only for TYPE=TWOLEVEL RANDOM
  with ESTIMATOR=BAYES.  Request for STANDARDIZED (STD, STDY, STDYX) is ignored.
*** WARNING
  Data set contains cases with missing on x-variables.
  These cases were not included in the analysis.
  Number of cases with missing on x-variables:  133
   4 WARNING(S) FOUND IN THE INPUT INSTRUCTIONS




bivariate growth model autonomic space

SUMMARY OF ANALYSIS

Number of groups                                                 1
Number of observations                                        5155

Number of dependent variables                                    2
Number of independent variables                                  8
Number of continuous latent variables                            1

Observed dependent variables

  Continuous
   RSAZ        PEPZ

Observed independent variables
   RESPC       RSABC       PEPBC       SPEECH      MATH        RECOVER
   PREP        RT3

Continuous latent variables
   S

Variables with special functions

  Cluster variables     ID        TASK

  Within variables
   RSAZ        PEPZ        RESPC

  Level 2 between variables
   SPEECH      MATH        RECOVER     PREP

  Level 3 between variables
   RSABC       PEPBC
   RT3


Estimator                                                       ML
Information matrix                                        OBSERVED
Maximum number of iterations                                   100
Convergence criterion                                    0.100D-05
Maximum number of EM iterations                                500
Convergence criteria for the EM algorithm
  Loglikelihood change                                   0.100D-02
  Relative loglikelihood change                          0.100D-05
  Derivative                                             0.100D-03
Minimum variance                                         0.100D-03
Maximum number of steepest descent iterations                   20
Maximum number of iterations for H1                           2000
Convergence criterion for H1                             0.100D-02
Optimization algorithm                                         EMA

Input data file(s)
  long.wresp0.csv
Input data format  FREE


SUMMARY OF DATA

     Number of missing data patterns             1
     Number of TASK clusters             1061
     Number of ID clusters                215

     Average cluster size for TASK level        4.859

     Estimated Intraclass Correlations for the Y Variables for TASK level

                Intraclass
     Variable  Correlation


     Average cluster size for ID level       23.977

     Estimated Intraclass Correlations for the Y Variables for ID level

                Intraclass
     Variable  Correlation



COVARIANCE COVERAGE OF DATA

Minimum covariance coverage value   0.000


     PROPORTION OF DATA PRESENT


           Covariance Coverage
              RSAZ          PEPZ          RESPC         RSABC         PEPBC
              ________      ________      ________      ________      ________
 RSAZ           1.000
 PEPZ           1.000         1.000
 RESPC          1.000         1.000         1.000
 RSABC          1.000         1.000         1.000         1.000
 PEPBC          1.000         1.000         1.000         1.000         1.000
 SPEECH         1.000         1.000         1.000         1.000         1.000
 MATH           1.000         1.000         1.000         1.000         1.000
 RECOVER        1.000         1.000         1.000         1.000         1.000
 PREP           1.000         1.000         1.000         1.000         1.000
 RT3            1.000         1.000         1.000         1.000         1.000


           Covariance Coverage
              SPEECH        MATH          RECOVER       PREP          RT3
              ________      ________      ________      ________      ________
 SPEECH         1.000
 MATH           1.000         1.000
 RECOVER        1.000         1.000         1.000
 PREP           1.000         1.000         1.000         1.000
 RT3            1.000         1.000         1.000         1.000         1.000


SAMPLE STATISTICS

NOTE:  The sample statistics for within and between refer to the
       maximum-likelihood estimated within and between covariance
       matrices, respectively.


     ESTIMATED SAMPLE STATISTICS FOR WITHIN


           Means
              RSAZ          PEPZ          RESPC         RSABC         PEPBC
              ________      ________      ________      ________      ________
               -0.011         0.000        -0.012         0.000         0.000


           Means
              SPEECH        MATH          RECOVER       PREP          RT3
              ________      ________      ________      ________      ________
                0.000         0.000         0.000         0.000         0.000


           Covariances
              RSAZ          PEPZ          RESPC         RSABC         PEPBC
              ________      ________      ________      ________      ________
 RSAZ           0.943
 PEPZ           0.111         0.964
 RESPC         -0.717         0.133        24.547
 RSABC          0.000         0.000         0.000         0.000
 PEPBC          0.000         0.000         0.000         0.000         0.000
 SPEECH         0.000         0.000         0.000         0.000         0.000
 MATH           0.000         0.000         0.000         0.000         0.000
 RECOVER        0.000         0.000         0.000         0.000         0.000
 PREP           0.000         0.000         0.000         0.000         0.000
 RT3            0.000         0.000         0.000         0.000         0.000


           Covariances
              SPEECH        MATH          RECOVER       PREP          RT3
              ________      ________      ________      ________      ________
 SPEECH         0.000
 MATH           0.000         0.000
 RECOVER        0.000         0.000         0.000
 PREP           0.000         0.000         0.000         0.000
 RT3            0.000         0.000         0.000         0.000         0.000


           Correlations
              RSAZ          PEPZ          RESPC         RSABC         PEPBC
              ________      ________      ________      ________      ________
 RSAZ           1.000
 PEPZ           0.116         1.000
 RESPC         -0.149         0.027         1.000
 RSABC          0.000         0.000         0.000         0.000
 PEPBC          0.000         0.000         0.000         0.000         0.000
 SPEECH         0.000         0.000         0.000         0.000         0.000
 MATH           0.000         0.000         0.000         0.000         0.000
 RECOVER        0.000         0.000         0.000         0.000         0.000
 PREP           0.000         0.000         0.000         0.000         0.000
 RT3            0.000         0.000         0.000         0.000         0.000


           Correlations
              SPEECH        MATH          RECOVER       PREP          RT3
              ________      ________      ________      ________      ________
 SPEECH         0.000
 MATH           0.000         0.000
 RECOVER        0.000         0.000         0.000
 PREP           0.000         0.000         0.000         0.000
 RT3            0.000         0.000         0.000         0.000         0.000


     ESTIMATED SAMPLE STATISTICS FOR BETWEEN TASK


           Means
              RSAZ          PEPZ          RESPC         RSABC         PEPBC
              ________      ________      ________      ________      ________
                0.000         0.000         0.000         0.000         0.000


           Means
              SPEECH        MATH          RECOVER       PREP          RT3
              ________      ________      ________      ________      ________
                0.197         0.199         0.199         0.203         0.000


           Covariances
              RSAZ          PEPZ          RESPC         RSABC         PEPBC
              ________      ________      ________      ________      ________
 RSAZ           0.000
 PEPZ           0.000         0.000
 RESPC          0.000         0.000         0.000
 RSABC          0.000         0.000         0.000         0.000
 PEPBC          0.000         0.000         0.000         0.000         0.000
 SPEECH         0.000         0.000         0.000         0.000         0.000
 MATH           0.000         0.000         0.000         0.000         0.000
 RECOVER        0.000         0.000         0.000         0.000         0.000
 PREP           0.000         0.000         0.000         0.000         0.000
 RT3            0.000         0.000         0.000         0.000         0.000


           Covariances
              SPEECH        MATH          RECOVER       PREP          RT3
              ________      ________      ________      ________      ________
 SPEECH         0.158
 MATH          -0.039         0.159
 RECOVER       -0.039        -0.040         0.159
 PREP          -0.040        -0.040        -0.040         0.162
 RT3            0.000         0.000         0.000         0.000         0.000


           Correlations
              RSAZ          PEPZ          RESPC         RSABC         PEPBC
              ________      ________      ________      ________      ________
 RSAZ           0.000
 PEPZ           0.000         0.000
 RESPC          0.000         0.000         0.000
 RSABC          0.000         0.000         0.000         0.000
 PEPBC          0.000         0.000         0.000         0.000         0.000
 SPEECH         0.000         0.000         0.000         0.000         0.000
 MATH           0.000         0.000         0.000         0.000         0.000
 RECOVER        0.000         0.000         0.000         0.000         0.000
 PREP           0.000         0.000         0.000         0.000         0.000
 RT3            0.000         0.000         0.000         0.000         0.000


           Correlations
              SPEECH        MATH          RECOVER       PREP          RT3
              ________      ________      ________      ________      ________
 SPEECH         1.000
 MATH          -0.247         1.000
 RECOVER       -0.247        -0.248         1.000
 PREP          -0.250        -0.251        -0.251         1.000
 RT3            0.000         0.000         0.000         0.000         0.000


     ESTIMATED SAMPLE STATISTICS FOR BETWEEN ID


           Means
              RSAZ          PEPZ          RESPC         RSABC         PEPBC
              ________      ________      ________      ________      ________
                0.000         0.000         0.000        -0.033         0.512


           Means
              SPEECH        MATH          RECOVER       PREP          RT3
              ________      ________      ________      ________      ________
                0.000         0.000         0.000         0.000         0.293


           Covariances
              RSAZ          PEPZ          RESPC         RSABC         PEPBC
              ________      ________      ________      ________      ________
 RSAZ           0.000
 PEPZ           0.000         0.000
 RESPC          0.000         0.000         0.000
 RSABC          0.000         0.000         0.000         1.582
 PEPBC          0.000         0.000         0.000        -3.368       348.572
 SPEECH         0.000         0.000         0.000         0.000         0.000
 MATH           0.000         0.000         0.000         0.000         0.000
 RECOVER        0.000         0.000         0.000         0.000         0.000
 PREP           0.000         0.000         0.000         0.000         0.000
 RT3            0.000         0.000         0.000        -0.078         1.857


           Covariances
              SPEECH        MATH          RECOVER       PREP          RT3
              ________      ________      ________      ________      ________
 SPEECH         0.000
 MATH           0.000         0.000
 RECOVER        0.000         0.000         0.000
 PREP           0.000         0.000         0.000         0.000
 RT3            0.000         0.000         0.000         0.000         0.207


           Correlations
              RSAZ          PEPZ          RESPC         RSABC         PEPBC
              ________      ________      ________      ________      ________
 RSAZ           0.000
 PEPZ           0.000         0.000
 RESPC          0.000         0.000         0.000
 RSABC          0.000         0.000         0.000         1.000
 PEPBC          0.000         0.000         0.000        -0.143         1.000
 SPEECH         0.000         0.000         0.000         0.000         0.000
 MATH           0.000         0.000         0.000         0.000         0.000
 RECOVER        0.000         0.000         0.000         0.000         0.000
 PREP           0.000         0.000         0.000         0.000         0.000
 RT3            0.000         0.000         0.000        -0.136         0.218


           Correlations
              SPEECH        MATH          RECOVER       PREP          RT3
              ________      ________      ________      ________      ________
 SPEECH         0.000
 MATH           0.000         0.000
 RECOVER        0.000         0.000         0.000
 PREP           0.000         0.000         0.000         0.000
 RT3            0.000         0.000         0.000         0.000         1.000


     MAXIMUM LOG-LIKELIHOOD VALUE FOR THE UNRESTRICTED (H1) MODEL IS -14283.767


UNIVARIATE SAMPLE STATISTICS


     UNIVARIATE HIGHER-ORDER MOMENT DESCRIPTIVE STATISTICS

         Variable/         Mean/     Skewness/   Minimum/ % with                Percentiles
        Sample Size      Variance    Kurtosis    Maximum  Min/Max      20%/60%    40%/80%    Median

     RSAZ                 -0.011       0.416      -3.332    0.02%      -0.788     -0.332     -0.107
            5155.000       0.943       0.693       4.368    0.02%       0.142      0.783
     PEPZ                  0.000      -0.241      -4.534    0.02%      -0.802     -0.256     -0.005
            5155.000       0.964       0.229       4.477    0.02%       0.260      0.899
     RESPC                -0.012       2.053     -19.862    0.02%      -3.950     -1.239     -0.048
            5155.000      24.547      18.191      60.064    0.02%       0.978      3.411
     RSABC                -0.033       0.106      -3.625    0.47%      -1.053     -0.319     -0.002
             215.000       1.582       0.583       3.937    0.47%       0.281      0.843
     PEPBC                 0.512      -0.780     -70.767    0.47%      -9.767     -1.367      2.833
             215.000     348.572       1.905      57.833    0.47%       5.433     13.633
     SPEECH                0.200       1.500       0.000   80.00%       0.000      0.000      0.000
               5.000       0.160       0.250       1.000   20.00%       0.000      0.000
     MATH                  0.200       1.500       0.000   80.00%       0.000      0.000      0.000
               5.000       0.160       0.250       1.000   20.00%       0.000      0.000
     RECOVER               0.200       1.500       0.000   80.00%       0.000      0.000      0.000
               5.000       0.160       0.250       1.000   20.00%       0.000      0.000
     PREP                  0.200       1.500       0.000   80.00%       0.000      0.000      0.000
               5.000       0.160       0.250       1.000   20.00%       0.000      0.000
     RT3                   0.293       0.909       0.000   70.70%       0.000      0.000      0.000
             215.000       0.207      -1.173       1.000   29.30%       0.000      1.000


THE MODEL ESTIMATION TERMINATED NORMALLY



MODEL FIT INFORMATION

Number of Free Parameters                       14

Loglikelihood

          H0 Value                      -14093.017

Information Criteria

          Akaike (AIC)                   28214.033
          Bayesian (BIC)                 28305.701
          Sample-Size Adjusted BIC       28261.214
            (n* = (n + 2) / 24)



MODEL RESULTS

                                                    Two-Tailed
                    Estimate       S.E.  Est./S.E.    P-Value

Within Level

 RSAZ       ON
    RESPC             -0.027      0.003    -10.502      0.000

 PEPZ       ON
    RESPC              0.005      0.003      1.966      0.049

 Intercepts
    RSAZ               0.000      0.000    999.000    999.000
    PEPZ               0.000      0.000    999.000    999.000

 Residual Variances
    RSAZ               0.767      0.017     46.260      0.000
    PEPZ               0.963      0.019     50.769      0.000

Between TASK Level

 S          ON
    SPEECH            -0.038      0.053     -0.716      0.474
    MATH              -0.016      0.052     -0.307      0.759
    RECOVER           -0.059      0.050     -1.190      0.234
    PREP               0.059      0.043      1.383      0.167

 Residual Variances
    S                  0.060      0.012      4.834      0.000

Between ID Level

 S          ON
    RSABC              0.095      0.020      4.858      0.000
    PEPBC              0.000      0.001     -0.238      0.812
    RT3                0.194      0.054      3.602      0.000

 Intercepts
    S                  0.063      0.039      1.610      0.107

 Residual Variances
    S                  0.070      0.012      5.709      0.000


QUALITY OF NUMERICAL RESULTS

     Condition Number for the Information Matrix              0.427E-03
       (ratio of smallest to largest eigenvalue)


CONFIDENCE INTERVALS OF MODEL RESULTS

                  Lower .5%  Lower 2.5%    Lower 5%    Estimate    Upper 5%  Upper 2.5%   Upper .5%

Within Level

 RSAZ     ON
    RESPC           -0.034      -0.032      -0.031      -0.027      -0.023      -0.022      -0.021

 PEPZ     ON
    RESPC           -0.002       0.000       0.001       0.005       0.010       0.011       0.013

 Intercepts
    RSAZ             0.000       0.000       0.000       0.000       0.000       0.000       0.000
    PEPZ             0.000       0.000       0.000       0.000       0.000       0.000       0.000

 Residual Variances
    RSAZ             0.724       0.734       0.740       0.767       0.794       0.799       0.810
    PEPZ             0.914       0.926       0.932       0.963       0.994       1.000       1.012

Between TASK Level

 S        ON
    SPEECH          -0.173      -0.141      -0.124      -0.038       0.049       0.066       0.098
    MATH            -0.149      -0.117      -0.101      -0.016       0.069       0.086       0.117
    RECOVER         -0.187      -0.156      -0.141      -0.059       0.023       0.038       0.069
    PREP            -0.051      -0.025      -0.011       0.059       0.129       0.143       0.169

 Residual Variances
    S                0.028       0.036       0.040       0.060       0.080       0.084       0.092

Between ID Level

 S        ON
    RSABC            0.045       0.057       0.063       0.095       0.127       0.133       0.145
    PEPBC           -0.004      -0.003      -0.002       0.000       0.002       0.002       0.003
    RT3              0.055       0.089       0.106       0.194       0.283       0.300       0.333

 Intercepts
    S               -0.038      -0.014      -0.001       0.063       0.127       0.140       0.164

 Residual Variances
    S                0.039       0.046       0.050       0.070       0.091       0.095       0.102


     Beginning Time:  15:30:36
        Ending Time:  15:30:52
       Elapsed Time:  00:00:16



MUTHEN & MUTHEN
3463 Stoner Ave.
Los Angeles, CA  90066

Tel: (310) 391-9971
Fax: (310) 391-8971
Web: www.StatModel.com
Support: Support@StatModel.com

Copyright (c) 1998-2017 Muthen & Muthen
